<?xml version="1.0" encoding="UTF-8"?>
<!-- Generated by org.testng.reporters.JUnitReportReporter -->
<testsuite skipped="0" hostname="IN-4DL5RV2-10" name="TestNGBasics" tests="2" failures="0" timestamp="02 Nov 2019 04:39:19 GMT" time="27.358" errors="0">
  <testcase name="testmethod" time="7.146" classname="TestNGBasics"/>
  <testcase name="testmethod" time="20.212" classname="TestNGBasics"/>
</testsuite> <!-- TestNGBasics -->
