<?xml version="1.0" encoding="UTF-8"?>
<!-- Generated by org.testng.reporters.JUnitReportReporter -->
<testsuite skipped="0" hostname="IN-4DL5RV2-10" name="ExcelDemo.TestNGBasics1" tests="3" failures="0" timestamp="02 Nov 2019 06:14:23 GMT" time="50.144" errors="0">
  <testcase name="doLogin" time="16.216" classname="ExcelDemo.TestNGBasics1"/>
  <testcase name="doLogin" time="16.972" classname="ExcelDemo.TestNGBasics1"/>
  <testcase name="doLogin" time="16.956" classname="ExcelDemo.TestNGBasics1"/>
</testsuite> <!-- ExcelDemo.TestNGBasics1 -->
