<?xml version="1.0" encoding="UTF-8"?>
<!-- Generated by org.testng.reporters.JUnitReportReporter -->
<testsuite skipped="0" hostname="IN-4DL5RV2-10" name="demo.TestNGParameterization" tests="1" failures="0" timestamp="02 Nov 2019 05:29:14 GMT" time="9.322" errors="0">
  <testcase name="testmethod1" time="9.322" classname="demo.TestNGParameterization"/>
</testsuite> <!-- demo.TestNGParameterization -->
